This is pdfTeX, Version 3.14159265-2.6-1.40.15 (TeX Live 2014) (preloaded format=pdflatex 2015.6.9)  7 JUL 2015 16:25
entering extended mode
 restricted \write18 enabled.
 %&-line parsing enabled.
**manual.tex
(./manual.tex
LaTeX2e <2014/05/01>
Babel <3.9k> and hyphenation patterns for 78 languages loaded.
(/usr/local/texlive/2014/texmf-dist/tex/latex/base/article.cls
Document Class: article 2007/10/19 v1.4h Standard LaTeX document class
(/usr/local/texlive/2014/texmf-dist/tex/latex/base/size10.clo
File: size10.clo 2007/10/19 v1.4h Standard LaTeX file (size option)
)
\c@part=\count79
\c@section=\count80
\c@subsection=\count81
\c@subsubsection=\count82
\c@paragraph=\count83
\c@subparagraph=\count84
\c@figure=\count85
\c@table=\count86
\abovecaptionskip=\skip41
\belowcaptionskip=\skip42
\bibindent=\dimen102
)
(/usr/local/texlive/2014/texmf-dist/tex/latex/geometry/geometry.sty
Package: geometry 2010/09/12 v5.6 Page Geometry

(/usr/local/texlive/2014/texmf-dist/tex/latex/graphics/keyval.sty
Package: keyval 2014/05/08 v1.15 key=value parser (DPC)
\KV@toks@=\toks14
)
(/usr/local/texlive/2014/texmf-dist/tex/generic/oberdiek/ifpdf.sty
Package: ifpdf 2011/01/30 v2.3 Provides the ifpdf switch (HO)
Package ifpdf Info: pdfTeX in PDF mode is detected.
)
(/usr/local/texlive/2014/texmf-dist/tex/generic/oberdiek/ifvtex.sty
Package: ifvtex 2010/03/01 v1.5 Detect VTeX and its facilities (HO)
Package ifvtex Info: VTeX not detected.
)
(/usr/local/texlive/2014/texmf-dist/tex/generic/ifxetex/ifxetex.sty
Package: ifxetex 2010/09/12 v0.6 Provides ifxetex conditional
)
\Gm@cnth=\count87
\Gm@cntv=\count88
\c@Gm@tempcnt=\count89
\Gm@bindingoffset=\dimen103
\Gm@wd@mp=\dimen104
\Gm@odd@mp=\dimen105
\Gm@even@mp=\dimen106
\Gm@layoutwidth=\dimen107
\Gm@layoutheight=\dimen108
\Gm@layouthoffset=\dimen109
\Gm@layoutvoffset=\dimen110
\Gm@dimlist=\toks15
)
(/usr/local/texlive/2014/texmf-dist/tex/latex/cjk/texinput/CJK.sty
Package: CJK 2012/05/07 4.8.3

(/usr/local/texlive/2014/texmf-dist/tex/latex/cjk/texinput/mule/MULEenc.sty
Package: MULEenc 2012/05/07 4.8.3
)
(/usr/local/texlive/2014/texmf-dist/tex/latex/cjk/texinput/CJK.enc
File: CJK.enc 2012/05/07 4.8.3
)
LaTeX Info: Redefining \selectfont on input line 755.
\CJK@indent=\box26
)
(/usr/local/texlive/2014/texmf-dist/tex/latex/tools/indentfirst.sty
Package: indentfirst 1995/11/23 v1.03 Indent first paragraph (DPC)
)
(/usr/local/texlive/2014/texmf-dist/tex/latex/amsmath/amsmath.sty
Package: amsmath 2013/01/14 v2.14 AMS math features
\@mathmargin=\skip43

For additional information on amsmath, use the `?' option.
(/usr/local/texlive/2014/texmf-dist/tex/latex/amsmath/amstext.sty
Package: amstext 2000/06/29 v2.01

(/usr/local/texlive/2014/texmf-dist/tex/latex/amsmath/amsgen.sty
File: amsgen.sty 1999/11/30 v2.0
\@emptytoks=\toks16
\ex@=\dimen111
))
(/usr/local/texlive/2014/texmf-dist/tex/latex/amsmath/amsbsy.sty
Package: amsbsy 1999/11/29 v1.2d
\pmbraise@=\dimen112
)
(/usr/local/texlive/2014/texmf-dist/tex/latex/amsmath/amsopn.sty
Package: amsopn 1999/12/14 v2.01 operator names
)
\inf@bad=\count90
LaTeX Info: Redefining \frac on input line 210.
\uproot@=\count91
\leftroot@=\count92
LaTeX Info: Redefining \overline on input line 306.
\classnum@=\count93
\DOTSCASE@=\count94
LaTeX Info: Redefining \ldots on input line 378.
LaTeX Info: Redefining \dots on input line 381.
LaTeX Info: Redefining \cdots on input line 466.
\Mathstrutbox@=\box27
\strutbox@=\box28
\big@size=\dimen113
LaTeX Font Info:    Redeclaring font encoding OML on input line 566.
LaTeX Font Info:    Redeclaring font encoding OMS on input line 567.
\macc@depth=\count95
\c@MaxMatrixCols=\count96
\dotsspace@=\muskip10
\c@parentequation=\count97
\dspbrk@lvl=\count98
\tag@help=\toks17
\row@=\count99
\column@=\count100
\maxfields@=\count101
\andhelp@=\toks18
\eqnshift@=\dimen114
\alignsep@=\dimen115
\tagshift@=\dimen116
\tagwidth@=\dimen117
\totwidth@=\dimen118
\lineht@=\dimen119
\@envbody=\toks19
\multlinegap=\skip44
\multlinetaggap=\skip45
\mathdisplay@stack=\toks20
LaTeX Info: Redefining \[ on input line 2665.
LaTeX Info: Redefining \] on input line 2666.
)
(/usr/local/texlive/2014/texmf-dist/tex/latex/graphics/graphicx.sty
Package: graphicx 2014/04/25 v1.0g Enhanced LaTeX Graphics (DPC,SPQR)

(/usr/local/texlive/2014/texmf-dist/tex/latex/graphics/graphics.sty
Package: graphics 2009/02/05 v1.0o Standard LaTeX Graphics (DPC,SPQR)

(/usr/local/texlive/2014/texmf-dist/tex/latex/graphics/trig.sty
Package: trig 1999/03/16 v1.09 sin cos tan (DPC)
)
(/usr/local/texlive/2014/texmf-dist/tex/latex/latexconfig/graphics.cfg
File: graphics.cfg 2010/04/23 v1.9 graphics configuration of TeX Live
)
Package graphics Info: Driver file: pdftex.def on input line 91.

(/usr/local/texlive/2014/texmf-dist/tex/latex/pdftex-def/pdftex.def
File: pdftex.def 2011/05/27 v0.06d Graphics/color for pdfTeX

(/usr/local/texlive/2014/texmf-dist/tex/generic/oberdiek/infwarerr.sty
Package: infwarerr 2010/04/08 v1.3 Providing info/warning/error messages (HO)
)
(/usr/local/texlive/2014/texmf-dist/tex/generic/oberdiek/ltxcmds.sty
Package: ltxcmds 2011/11/09 v1.22 LaTeX kernel commands for general use (HO)
)
\Gread@gobject=\count102
))
\Gin@req@height=\dimen120
\Gin@req@width=\dimen121
)
(/usr/local/texlive/2014/texmf-dist/tex/latex/booktabs/booktabs.sty
Package: booktabs 2005/04/14 v1.61803 publication quality tables
\heavyrulewidth=\dimen122
\lightrulewidth=\dimen123
\cmidrulewidth=\dimen124
\belowrulesep=\dimen125
\belowbottomsep=\dimen126
\aboverulesep=\dimen127
\abovetopsep=\dimen128
\cmidrulesep=\dimen129
\cmidrulekern=\dimen130
\defaultaddspace=\dimen131
\@cmidla=\count103
\@cmidlb=\count104
\@aboverulesep=\dimen132
\@belowrulesep=\dimen133
\@thisruleclass=\count105
\@lastruleclass=\count106
\@thisrulewidth=\dimen134
)
(/usr/local/texlive/2014/texmf-dist/tex/latex/listings/listings.sty
\lst@mode=\count107
\lst@gtempboxa=\box29
\lst@token=\toks21
\lst@length=\count108
\lst@currlwidth=\dimen135
\lst@column=\count109
\lst@pos=\count110
\lst@lostspace=\dimen136
\lst@width=\dimen137
\lst@newlines=\count111
\lst@lineno=\count112
\lst@maxwidth=\dimen138

(/usr/local/texlive/2014/texmf-dist/tex/latex/listings/lstmisc.sty
File: lstmisc.sty 2014/03/04 1.5c (Carsten Heinz)
\c@lstnumber=\count113
\lst@skipnumbers=\count114
\lst@framebox=\box30
)
(/usr/local/texlive/2014/texmf-dist/tex/latex/listings/listings.cfg
File: listings.cfg 2014/03/04 1.5c listings configuration
))
Package: listings 2014/03/04 1.5c (Carsten Heinz)

(/usr/local/texlive/2014/texmf-dist/tex/latex/cjk/texinput/UTF8/UTF8.bdg
File: UTF8.bdg 2012/05/07 4.8.3
)
(/usr/local/texlive/2014/texmf-dist/tex/latex/cjk/texinput/UTF8/UTF8.enc
File: UTF8.enc 2012/05/07 4.8.3
)
(/usr/local/texlive/2014/texmf-dist/tex/latex/cjk/texinput/UTF8/UTF8.chr
File: UTF8.chr 2012/05/07 4.8.3
)
(/usr/local/texlive/2014/texmf-dist/tex/latex/xcolor/xcolor.sty
Package: xcolor 2007/01/21 v2.11 LaTeX color extensions (UK)

(/usr/local/texlive/2014/texmf-dist/tex/latex/latexconfig/color.cfg
File: color.cfg 2007/01/18 v1.5 color configuration of teTeX/TeXLive
)
Package xcolor Info: Package option `usenames' ignored on input line 216.
Package xcolor Info: Driver file: pdftex.def on input line 225.

(/usr/local/texlive/2014/texmf-dist/tex/latex/colortbl/colortbl.sty
Package: colortbl 2012/02/13 v1.0a Color table columns (DPC)

(/usr/local/texlive/2014/texmf-dist/tex/latex/tools/array.sty
Package: array 2008/09/09 v2.4c Tabular extension package (FMi)
\col@sep=\dimen139
\extrarowheight=\dimen140
\NC@list=\toks22
\extratabsurround=\skip46
\backup@length=\skip47
)
\everycr=\toks23
\minrowclearance=\skip48
)
\rownum=\count115
Package xcolor Info: Model `cmy' substituted by `cmy0' on input line 1337.
Package xcolor Info: Model `hsb' substituted by `rgb' on input line 1341.
Package xcolor Info: Model `RGB' extended on input line 1353.
Package xcolor Info: Model `HTML' substituted by `rgb' on input line 1355.
Package xcolor Info: Model `Hsb' substituted by `hsb' on input line 1356.
Package xcolor Info: Model `tHsb' substituted by `hsb' on input line 1357.
Package xcolor Info: Model `HSB' substituted by `hsb' on input line 1358.
Package xcolor Info: Model `Gray' substituted by `gray' on input line 1359.
Package xcolor Info: Model `wave' substituted by `hsb' on input line 1360.

(/usr/local/texlive/2014/texmf-dist/tex/latex/graphics/dvipsnam.def
File: dvipsnam.def 2014/04/23 v3.0j Driver-dependant file (DPC,SPQR)
)
(/usr/local/texlive/2014/texmf-dist/tex/latex/xcolor/svgnam.def
File: svgnam.def 2007/01/21 v2.11 Predefined colors according to SVG 1.1 (UK)
)) (./manual.aux)
\openout1 = `manual.aux'.

LaTeX Font Info:    Checking defaults for OML/cmm/m/it on input line 69.
LaTeX Font Info:    ... okay on input line 69.
LaTeX Font Info:    Checking defaults for T1/cmr/m/n on input line 69.
LaTeX Font Info:    ... okay on input line 69.
LaTeX Font Info:    Checking defaults for OT1/cmr/m/n on input line 69.
LaTeX Font Info:    ... okay on input line 69.
LaTeX Font Info:    Checking defaults for OMS/cmsy/m/n on input line 69.
LaTeX Font Info:    ... okay on input line 69.
LaTeX Font Info:    Checking defaults for OMX/cmex/m/n on input line 69.
LaTeX Font Info:    ... okay on input line 69.
LaTeX Font Info:    Checking defaults for U/cmr/m/n on input line 69.
LaTeX Font Info:    ... okay on input line 69.
LaTeX Font Info:    Checking defaults for C00/song/m/n on input line 69.
LaTeX Font Info:    ... okay on input line 69.
LaTeX Font Info:    Checking defaults for C05/song/m/n on input line 69.
LaTeX Font Info:    ... okay on input line 69.
LaTeX Font Info:    Checking defaults for C09/song/m/n on input line 69.
LaTeX Font Info:    ... okay on input line 69.
LaTeX Font Info:    Checking defaults for C10/song/m/n on input line 69.
LaTeX Font Info:    ... okay on input line 69.
LaTeX Font Info:    Checking defaults for C20/song/m/n on input line 69.
LaTeX Font Info:    ... okay on input line 69.
LaTeX Font Info:    Checking defaults for C19/song/m/n on input line 69.
LaTeX Font Info:    ... okay on input line 69.
LaTeX Font Info:    Checking defaults for C40/song/m/n on input line 69.
LaTeX Font Info:    ... okay on input line 69.
LaTeX Font Info:    Checking defaults for C42/song/m/n on input line 69.
LaTeX Font Info:    ... okay on input line 69.
LaTeX Font Info:    Checking defaults for C43/song/m/n on input line 69.
LaTeX Font Info:    ... okay on input line 69.
LaTeX Font Info:    Checking defaults for C50/song/m/n on input line 69.
LaTeX Font Info:    ... okay on input line 69.
LaTeX Font Info:    Checking defaults for C52/song/m/n on input line 69.
LaTeX Font Info:    ... okay on input line 69.
LaTeX Font Info:    Checking defaults for C49/song/m/n on input line 69.
LaTeX Font Info:    ... okay on input line 69.
LaTeX Font Info:    Checking defaults for C60/mj/m/n on input line 69.
LaTeX Font Info:    ... okay on input line 69.
LaTeX Font Info:    Checking defaults for C61/mj/m/n on input line 69.
LaTeX Font Info:    ... okay on input line 69.
LaTeX Font Info:    Checking defaults for C63/mj/m/n on input line 69.
LaTeX Font Info:    ... okay on input line 69.
LaTeX Font Info:    Checking defaults for C64/mj/m/n on input line 69.
LaTeX Font Info:    ... okay on input line 69.
LaTeX Font Info:    Checking defaults for C65/mj/m/n on input line 69.
LaTeX Font Info:    ... okay on input line 69.
LaTeX Font Info:    Checking defaults for C70/song/m/n on input line 69.
LaTeX Font Info:    ... okay on input line 69.
LaTeX Font Info:    Checking defaults for C31/song/m/n on input line 69.
LaTeX Font Info:    ... okay on input line 69.
LaTeX Font Info:    Checking defaults for C32/song/m/n on input line 69.
LaTeX Font Info:    ... okay on input line 69.
LaTeX Font Info:    Checking defaults for C33/song/m/n on input line 69.
LaTeX Font Info:    ... okay on input line 69.
LaTeX Font Info:    Checking defaults for C34/song/m/n on input line 69.
LaTeX Font Info:    ... okay on input line 69.
LaTeX Font Info:    Checking defaults for C35/song/m/n on input line 69.
LaTeX Font Info:    ... okay on input line 69.
LaTeX Font Info:    Checking defaults for C36/song/m/n on input line 69.
LaTeX Font Info:    ... okay on input line 69.
LaTeX Font Info:    Checking defaults for C37/song/m/n on input line 69.
LaTeX Font Info:    ... okay on input line 69.
LaTeX Font Info:    Checking defaults for C80/song/m/n on input line 69.
LaTeX Font Info:    ... okay on input line 69.
LaTeX Font Info:    Checking defaults for C81/song/m/n on input line 69.
LaTeX Font Info:    ... okay on input line 69.
LaTeX Font Info:    Checking defaults for C01/song/m/n on input line 69.
LaTeX Font Info:    ... okay on input line 69.
LaTeX Font Info:    Checking defaults for C11/song/m/n on input line 69.
LaTeX Font Info:    ... okay on input line 69.
LaTeX Font Info:    Checking defaults for C21/song/m/n on input line 69.
LaTeX Font Info:    ... okay on input line 69.
LaTeX Font Info:    Checking defaults for C41/song/m/n on input line 69.
LaTeX Font Info:    ... okay on input line 69.
LaTeX Font Info:    Checking defaults for C62/song/m/n on input line 69.
LaTeX Font Info:    ... okay on input line 69.

*geometry* driver: auto-detecting
*geometry* detected driver: pdftex
*geometry* verbose mode - [ preamble ] result:
* driver: pdftex
* paper: a4paper
* layout: <same size as paper>
* layoutoffset:(h,v)=(0.0pt,0.0pt)
* modes: 
* h-part:(L,W,R)=(90.47955pt, 416.54877pt, 90.47955pt)
* v-part:(T,H,B)=(72.2698pt, 700.50723pt, 72.2698pt)
* \paperwidth=597.50787pt
* \paperheight=845.04684pt
* \textwidth=416.54877pt
* \textheight=700.50723pt
* \oddsidemargin=18.20956pt
* \evensidemargin=18.20956pt
* \topmargin=-37.00018pt
* \headheight=12.0pt
* \headsep=25.0pt
* \topskip=10.0pt
* \footskip=30.0pt
* \marginparwidth=57.0pt
* \marginparsep=11.0pt
* \columnsep=10.0pt
* \skip\footins=9.0pt plus 4.0pt minus 2.0pt
* \hoffset=0.0pt
* \voffset=0.0pt
* \mag=1000
* \@twocolumnfalse
* \@twosidefalse
* \@mparswitchfalse
* \@reversemarginfalse
* (1in=72.27pt=25.4mm, 1cm=28.453pt)

(/usr/local/texlive/2014/texmf-dist/tex/context/base/supp-pdf.mkii
[Loading MPS to PDF converter (version 2006.09.02).]
\scratchcounter=\count116
\scratchdimen=\dimen141
\scratchbox=\box31
\nofMPsegments=\count117
\nofMParguments=\count118
\everyMPshowfont=\toks24
\MPscratchCnt=\count119
\MPscratchDim=\dimen142
\MPnumerator=\count120
\makeMPintoPDFobject=\count121
\everyMPtoPDFconversion=\toks25
) (/usr/local/texlive/2014/texmf-dist/tex/generic/oberdiek/pdftexcmds.sty
Package: pdftexcmds 2011/11/29 v0.20 Utility functions of pdfTeX for LuaTeX (HO
)

(/usr/local/texlive/2014/texmf-dist/tex/generic/oberdiek/ifluatex.sty
Package: ifluatex 2010/03/01 v1.3 Provides the ifluatex switch (HO)
Package ifluatex Info: LuaTeX not detected.
)
Package pdftexcmds Info: LuaTeX not detected.
Package pdftexcmds Info: \pdf@primitive is available.
Package pdftexcmds Info: \pdf@ifprimitive is available.
Package pdftexcmds Info: \pdfdraftmode found.
)
(/usr/local/texlive/2014/texmf-dist/tex/latex/oberdiek/epstopdf-base.sty
Package: epstopdf-base 2010/02/09 v2.5 Base part for package epstopdf

(/usr/local/texlive/2014/texmf-dist/tex/latex/oberdiek/grfext.sty
Package: grfext 2010/08/19 v1.1 Manage graphics extensions (HO)

(/usr/local/texlive/2014/texmf-dist/tex/generic/oberdiek/kvdefinekeys.sty
Package: kvdefinekeys 2011/04/07 v1.3 Define keys (HO)
))
(/usr/local/texlive/2014/texmf-dist/tex/latex/oberdiek/kvoptions.sty
Package: kvoptions 2011/06/30 v3.11 Key value format for package options (HO)

(/usr/local/texlive/2014/texmf-dist/tex/generic/oberdiek/kvsetkeys.sty
Package: kvsetkeys 2012/04/25 v1.16 Key value parser (HO)

(/usr/local/texlive/2014/texmf-dist/tex/generic/oberdiek/etexcmds.sty
Package: etexcmds 2011/02/16 v1.5 Avoid name clashes with e-TeX commands (HO)
Package etexcmds Info: Could not find \expanded.
(etexcmds)             That can mean that you are not using pdfTeX 1.50 or
(etexcmds)             that some package has redefined \expanded.
(etexcmds)             In the latter case, load this package earlier.
)))
Package grfext Info: Graphics extension search list:
(grfext)             [.png,.pdf,.jpg,.mps,.jpeg,.jbig2,.jb2,.PNG,.PDF,.JPG,.JPE
G,.JBIG2,.JB2,.eps]
(grfext)             \AppendGraphicsExtensions on input line 452.

(/usr/local/texlive/2014/texmf-dist/tex/latex/latexconfig/epstopdf-sys.cfg
File: epstopdf-sys.cfg 2010/07/13 v1.3 Configuration of (r)epstopdf for TeX Liv
e
))
\c@lstlisting=\count122

<./logo.JPG, id=1, 200.75pt x 200.75pt>
File: ./logo.JPG Graphic file (type jpg)
 <use ./logo.JPG>
Package pdftex.def Info: ./logo.JPG used on input line 75.
(pdftex.def)             Requested size: 104.13719pt x 104.1394pt.
LaTeX Font Info:    Try loading font information for C70+gbsn on input line 80.


(/usr/local/texlive/2014/texmf-dist/tex/latex/cjk/texinput/UTF8/c70gbsn.fd
File: c70gbsn.fd 2012/05/07 4.8.3
)
(/usr/local/texlive/2014/texmf-dist/tex/latex/cjk/texinput/UTF8/c70gbsn.fdx
File: c70gbsn.fdx 2012/05/07 4.8.3
)

LaTeX Font Warning: Font shape `C70/gbsn/m/sc' undefined
(Font)              using `C70/gbsn/m/n' instead on input line 84.

[1

{/usr/local/texlive/2014/texmf-var/fonts/map/pdftex/updmap/pdftex.map} <./logo.
JPG>] (./manual.toc)
\tf@toc=\write3
\openout3 = `manual.toc'.

 [1]
Overfull \hbox (7.97922pt too wide) in paragraph at lines 108--108
\C70/gbsn/m/n/10/6b d \C70/gbsn/m/n/10/65 ˆ\OT1/cmr/m/n/10 -l\C70/gbsn/m/n/10/5
3 ¬ \C70/gbsn/m/n/10/65 p \C70/gbsn/m/n/10/5f ^^@ \C70/gbsn/m/n/10/54 / \C70/gb
sn/m/n/10/5c 1 \C70/gbsn/m/n/10/5f à \C70/gbsn/m/n/10/67 	 \C70/gbsn/m/n/10/5f 
≈ \C70/gbsn/m/n/10/89 Å \C70/gbsn/m/n/10/30 ^^B \C70/gbsn/m/n/10/51 s \C70/gbsn
/m/n/10/4e é\OT1/cmr/m/n/10 -l\C70/gbsn/m/n/10/76 Ñ \C70/gbsn/m/n/10/8b Ê \C70/
gbsn/m/n/10/7e ∆ \C70/gbsn/m/n/10/4e À \C70/gbsn/m/n/10/7e Õ \C70/gbsn/m/n/10/4
e Â \C70/gbsn/m/n/10/53   \C70/gbsn/m/n/10/5b ˘ \C70/gbsn/m/n/10/5e î \C70/gbsn
/m/n/10/76 Ñ\OT1/cmr/m/n/10 130\C70/gbsn/m/n/10/65 p \C70/gbsn/m/n/10/91 « \C70
/gbsn/m/n/10/65 á \C70/gbsn/m/n/10/4e ˆ \C70/gbsn/m/n/10/8b ˜ \C70/gbsn/m/n/10/
53 ¬ \C70/gbsn/m/n/10/77 \OT1/cmr/m/n/10 ref2segy\C70/gbsn/m/n/10/76 Ñ\OT1/cmr
/m/n/10 manaul\C70/gbsn/m/n/10/ff ^^L
 []

[2

] [3

]
LaTeX Font Info:    Font shape `OT1/cmtt/bx/n' in size <10> not available
(Font)              Font shape `OT1/cmtt/m/n' tried instead on input line 134.

Overfull \hbox (8.09038pt too wide) in paragraph at lines 177--178
[]\C70/gbsn/m/n/10/66 > \C70/gbsn/m/n/10/71 6\OT1/cmr/m/n/10 NEU\C70/gbsn/m/n/1
0/4e : \C70/gbsn/m/n/10/5d Ê \C70/gbsn/m/n/10/62 K \C70/gbsn/m/n/10/57 P \C70/g
bsn/m/n/10/68 ^^G \C70/gbsn/m/n/10/7c ˚ \C70/gbsn/m/n/10/ff ^^L\OT1/cmr/m/n/10 
lpspol\C70/gbsn/m/n/10/53 ÿ \C70/gbsn/m/n/10/91 œ \C70/gbsn/m/n/10/4e :\OT1/cmr
/m/n/10 TRUE\C70/gbsn/m/n/10/88 h \C70/gbsn/m/n/10/66 ^^N \C70/gbsn/m/n/10/90 ^
^Z S \C70/gbsn/m/n/10/76 Ñ \C70/gbsn/m/n/10/6b c \C70/gbsn/m/n/10/67 Å \C70/gbs
n/m/n/10/60 ' \C70/gbsn/m/n/10/4e ^^N\OT1/cmr/m/n/10 NEU\C70/gbsn/m/n/10/65 π \
C70/gbsn/m/n/10/54 ^^Q \C70/gbsn/m/n/10/76 ¯ \C70/gbsn/m/n/10/54 ^^L \C70/gbsn/
m/n/10/ff ^^L \C70/gbsn/m/n/10/4e :\OT1/cmr/m/n/10 FALSE\C70/gbsn/m/n/10/52 ^^Y

 []

[4

] [5

] [6

] [7

]
Overfull \hbox (3.15051pt too wide) in paragraph at lines 295--296
[][][][][][][][][][][][][][][][][][][][][][][][][][][] 
 []

[8

]
Package epstopdf Info: Source file: <wave.eps>
(epstopdf)                    date: 2015-06-30 17:33:00
(epstopdf)                    size: 40115 bytes
(epstopdf)             Output file: <wave-eps-converted-to.pdf>
(epstopdf)                    date: 2015-06-30 17:33:11
(epstopdf)                    size: 9908 bytes
(epstopdf)             Command: <repstopdf --outfile=wave-eps-converted-to.pdf 
wave.eps>
(epstopdf)             \includegraphics on input line 314.
Package epstopdf Info: Output file is already uptodate.
 <wave-eps-converted-to.pdf, id=108, 515.9275pt x 365.365pt>
File: wave-eps-converted-to.pdf Graphic file (type pdf)

<use wave-eps-converted-to.pdf>
Package pdftex.def Info: wave-eps-converted-to.pdf used on input line 314.
(pdftex.def)             Requested size: 369.88582pt x 261.94759pt.
 [9 <./wave-eps-converted-to.pdf>]
Overfull \hbox (3.15051pt too wide) in paragraph at lines 320--321
[][][] 
 []


Overfull \hbox (3.15051pt too wide) in paragraph at lines 326--327
[][][] 
 []


Overfull \hbox (3.15051pt too wide) in paragraph at lines 327--328
[][][][][][][][][][][][][][][][][][][][][][][][][][][][][][] 
 []


Overfull \hbox (3.15051pt too wide) in paragraph at lines 335--336
[][][][][][][][][][][][][][][][][][][][][] 
 []


Overfull \hbox (3.1505pt too wide) in paragraph at lines 347--348
[][][][][][][][][][][][][][][][][][][] 
 []


Overfull \hbox (3.15051pt too wide) in paragraph at lines 349--350
[][][][][][][][][][][][][][][][][][][][][][][][] 
 []

[10

] [11]
Overfull \hbox (250.64642pt too wide) in paragraph at lines 396--396
[]\C70/gbsn/m/n/10/67 , \C70/gbsn/m/n/10/4f ã ^^? \C70/gbsn/m/n/10/75 (\OT1/cmr
/m/n/10 JWEED\C70/gbsn/m/n/10/8f o \C70/gbsn/m/n/10/4e ˆ \C70/gbsn/m/n/10/63 ^^
Q \C70/gbsn/m/n/10/90 	 \C70/gbsn/m/n/10/53  \C70/gbsn/m/n/10/7a Ÿ \C70/gbsn/m
/n/10/4e ^^N ã ˆ \C70/gbsn/m/n/10/ff ^^L \C70/gbsn/m/n/10/4e  \C70/gbsn/m/n/10
/8f } \C70/gbsn/m/n/10/4e ã ˆ \C70/gbsn/m/n/10/65 á \C70/gbsn/m/n/10/4e ˆ \C70/
gbsn/m/n/10/30 ^^B\OT1/cmr/m/n/10 JWEED\C70/gbsn/m/n/10/75 1\OT1/cmr/m/n/10 IRI
S\C70/gbsn/m/n/10/63 – \C70/gbsn/m/n/10/4f õ \C70/gbsn/m/n/10/ff ^^L \C70/gbsn/
m/n/10/53 Ô \C70/gbsn/m/n/10/4e Â \C70/gbsn/m/n/10/57 (\OT1/cmr/m/n/10 http://d
s.iris.edu/ds/nodes/dmc/software/downloads/jweed/\C70/gbsn/m/n/10/4e 
 []


Overfull \hbox (2.99054pt too wide) in paragraph at lines 399--399
[]\C70/gbsn/m/n/10/4f ^^? \C70/gbsn/m/n/10/75 (\OT1/cmr/m/n/10 JWEED\C70/gbsn/m
/n/10/4e  \C70/gbsn/m/n/10/8f } \C70/gbsn/m/n/10/76 Ñ \C70/gbsn/m/n/10/65 p \C
70/gbsn/m/n/10/63 n \C70/gbsn/m/n/10/5d Ú \C70/gbsn/m/n/10/7e œ \C70/gbsn/m/n/1
0/66 /\OT1/cmr/m/n/10 SAC\C70/gbsn/m/n/10/68 < \C70/gbsn/m/n/10/5f ^^O \C70/gbs
n/m/n/10/65 p \C70/gbsn/m/n/10/63 n \C70/gbsn/m/n/10/ff ^^L \C70/gbsn/m/n/10/51
 v \C70/gbsn/m/n/10/65 á \C70/gbsn/m/n/10/4e ˆ \C70/gbsn/m/n/10/54 ^^M \C70/gbs
n/m/n/10/68 < \C70/gbsn/m/n/10/5f ^^O \C70/gbsn/m/n/10/66 /\OT1/cmr/m/n/10 IC.K
MI.00.BH1.M[][]at[][]2015-
 []


Overfull \hbox (31.74063pt too wide) in paragraph at lines 399--399
\OT1/cmr/m/n/10 03-22T06.03.54.019Z.SAC\C70/gbsn/m/n/10/ff ^^L \C70/gbsn/m/n/10
/4e ^^M \C70/gbsn/m/n/10/53 Ô \C70/gbsn/m/n/10/4e Â \C70/gbsn/m/n/10/76 Ù \C70/
gbsn/m/n/10/63 • \C70/gbsn/m/n/10/75 ( \C70/gbsn/m/n/10/4e é \C70/gbsn/m/n/10/f
f 8 8 8 \C70/gbsn/m/n/10/8f o \C70/gbsn/m/n/10/4e ˆ \C70/gbsn/m/n/10/30 ^^B \C7
0/gbsn/m/n/10/66 Ù \C70/gbsn/m/n/10/65 9 \C70/gbsn/m/n/10/54 ^^N \C70/gbsn/m/n/
10/76 Ñ \C70/gbsn/m/n/10/65 á \C70/gbsn/m/n/10/4e ˆ \C70/gbsn/m/n/10/68 < \C70/
gbsn/m/n/10/5f ^^O \C70/gbsn/m/n/10/66 /\OT1/cmr/m/n/10 IC.KMI.00.M[][]at[][]20
15-
 []


Overfull \hbox (31.7297pt too wide) in paragraph at lines 399--399
\OT1/cmr/m/n/10 03-22T06.03.54.019Z.SAC.BH[NEZ]\C70/gbsn/m/n/10/ff ^^L \C70/gbs
n/m/n/10/51 v \C70/gbsn/m/n/10/4e -\OT1/cmr/m/n/10 BH1\C70/gbsn/m/n/10/5b ˘ \C7
0/gbsn/m/n/10/5e î\OT1/cmr/m/n/10 BHN\C70/gbsn/m/n/10/ff ^^L\OT1/cmr/m/n/10 BH2
\C70/gbsn/m/n/10/5b ˘ \C70/gbsn/m/n/10/5e î\OT1/cmr/m/n/10 BHE\C70/gbsn/m/n/10/
30 ^^B \C70/gbsn/m/n/10/68 9 \C70/gbsn/m/n/10/63 n\OT1/cmr/m/n/10 derfmod\C70/g
bsn/m/n/10/76 Ñ \C70/gbsn/m/n/10/97 ^^@ \C70/gbsn/m/n/10/6c B \C70/gbsn/m/n/10/
ff ^^L\OT1/cmr/m/n/10 sac\C70/gbsn/m/n/10/65 á
 []


Overfull \hbox (4.34026pt too wide) in paragraph at lines 424--424
[]\C70/gbsn/m/n/10/6b d \C70/gbsn/m/n/10/81 ^^Z \C70/gbsn/m/n/10/67 , \C70/gbsn
/m/n/10/8f – \C70/gbsn/m/n/10/88 L \C70/gbsn/m/n/10/54 ^^N \C70/gbsn/m/n/10/ff 
^^L \C70/gbsn/m/n/10/4f ^^Z \C70/gbsn/m/n/10/57 ( \C70/gbsn/m/n/10/6b œ \C70/gb
sn/m/n/10/4e ^^@ \C70/gbsn/m/n/10/5c B \C70/gbsn/m/n/10/5b P \C70/gbsn/m/n/10/7
6 Ó \C70/gbsn/m/n/10/5f U \C70/gbsn/m/n/10/4e  \C70/gbsn/m/n/10/75 ^^_ \C70/gb
sn/m/n/10/62 ^^P \C70/gbsn/m/n/10/76 ¯ \C70/gbsn/m/n/10/5e î \C70/gbsn/m/n/10/6
3 • \C70/gbsn/m/n/10/65 6 \C70/gbsn/m/n/10/51 ˝ \C70/gbsn/m/n/10/65 p \C70/gbsn
/m/n/10/ff ^^L \C70/gbsn/m/n/10/5e v \C70/gbsn/m/n/10/57 ( \C70/gbsn/m/n/10/5d 
Â \C70/gbsn/m/n/10/4f \ \C70/gbsn/m/n/10/76 Ó \C70/gbsn/m/n/10/5f U \C70/gbsn/m
/n/10/4e  \C70/gbsn/m/n/10/75 ^^_ \C70/gbsn/m/n/10/62 ^^P\OT1/cmr/m/n/10 KMI.l
ist.info\C70/gbsn/m/n/10/65 á
 []

[12

] [13] (./manual.aux)

LaTeX Font Warning: Some font shapes were not available, defaults substituted.

 ) 
Here is how much of TeX's memory you used:
 6962 strings out of 493117
 94650 string characters out of 6135440
 214177 words of memory out of 5000000
 10272 multiletter control sequences out of 15000+600000
 40476 words of font info for 147 fonts, out of 8000000 for 9000
 1141 hyphenation exceptions out of 8191
 41i,10n,40p,788b,3429s stack positions out of 5000i,500n,10000p,200000b,80000s
</usr/local/texlive/2014/texmf-dist/fonts/type1/public/amsfonts/cm/cmbx10.pfb
></usr/local/texlive/2014/texmf-dist/fonts/type1/public/amsfonts/cm/cmbx12.pfb>
</usr/local/texlive/2014/texmf-dist/fonts/type1/public/amsfonts/cm/cmcsc10.pfb>
</usr/local/texlive/2014/texmf-dist/fonts/type1/public/amsfonts/cm/cmr10.pfb></
usr/local/texlive/2014/texmf-dist/fonts/type1/public/amsfonts/cm/cmr12.pfb></us
r/local/texlive/2014/texmf-dist/fonts/type1/public/amsfonts/cm/cmsy10.pfb></usr
/local/texlive/2014/texmf-dist/fonts/type1/public/amsfonts/cm/cmtt10.pfb></usr/
local/texlive/2014/texmf-dist/fonts/type1/arphic/gbsnu/gbsnu00.pfb></usr/local/
texlive/2014/texmf-dist/fonts/type1/arphic/gbsnu/gbsnu20.pfb></usr/local/texliv
e/2014/texmf-dist/fonts/type1/arphic/gbsnu/gbsnu30.pfb></usr/local/texlive/2014
/texmf-dist/fonts/type1/arphic/gbsnu/gbsnu4e.pfb></usr/local/texlive/2014/texmf
-dist/fonts/type1/arphic/gbsnu/gbsnu4f.pfb></usr/local/texlive/2014/texmf-dist/
fonts/type1/arphic/gbsnu/gbsnu50.pfb></usr/local/texlive/2014/texmf-dist/fonts/
type1/arphic/gbsnu/gbsnu51.pfb></usr/local/texlive/2014/texmf-dist/fonts/type1/
arphic/gbsnu/gbsnu52.pfb></usr/local/texlive/2014/texmf-dist/fonts/type1/arphic
/gbsnu/gbsnu53.pfb></usr/local/texlive/2014/texmf-dist/fonts/type1/arphic/gbsnu
/gbsnu54.pfb></usr/local/texlive/2014/texmf-dist/fonts/type1/arphic/gbsnu/gbsnu
56.pfb></usr/local/texlive/2014/texmf-dist/fonts/type1/arphic/gbsnu/gbsnu57.pfb
></usr/local/texlive/2014/texmf-dist/fonts/type1/arphic/gbsnu/gbsnu58.pfb></usr
/local/texlive/2014/texmf-dist/fonts/type1/arphic/gbsnu/gbsnu59.pfb></usr/local
/texlive/2014/texmf-dist/fonts/type1/arphic/gbsnu/gbsnu5b.pfb></usr/local/texli
ve/2014/texmf-dist/fonts/type1/arphic/gbsnu/gbsnu5c.pfb></usr/local/texlive/201
4/texmf-dist/fonts/type1/arphic/gbsnu/gbsnu5d.pfb></usr/local/texlive/2014/texm
f-dist/fonts/type1/arphic/gbsnu/gbsnu5e.pfb></usr/local/texlive/2014/texmf-dist
/fonts/type1/arphic/gbsnu/gbsnu5f.pfb></usr/local/texlive/2014/texmf-dist/fonts
/type1/arphic/gbsnu/gbsnu60.pfb></usr/local/texlive/2014/texmf-dist/fonts/type1
/arphic/gbsnu/gbsnu61.pfb></usr/local/texlive/2014/texmf-dist/fonts/type1/arphi
c/gbsnu/gbsnu62.pfb></usr/local/texlive/2014/texmf-dist/fonts/type1/arphic/gbsn
u/gbsnu63.pfb></usr/local/texlive/2014/texmf-dist/fonts/type1/arphic/gbsnu/gbsn
u64.pfb></usr/local/texlive/2014/texmf-dist/fonts/type1/arphic/gbsnu/gbsnu65.pf
b></usr/local/texlive/2014/texmf-dist/fonts/type1/arphic/gbsnu/gbsnu66.pfb></us
r/local/texlive/2014/texmf-dist/fonts/type1/arphic/gbsnu/gbsnu67.pfb></usr/loca
l/texlive/2014/texmf-dist/fonts/type1/arphic/gbsnu/gbsnu68.pfb></usr/local/texl
ive/2014/texmf-dist/fonts/type1/arphic/gbsnu/gbsnu6a.pfb></usr/local/texlive/20
14/texmf-dist/fonts/type1/arphic/gbsnu/gbsnu6b.pfb></usr/local/texlive/2014/tex
mf-dist/fonts/type1/arphic/gbsnu/gbsnu6c.pfb></usr/local/texlive/2014/texmf-dis
t/fonts/type1/arphic/gbsnu/gbsnu6d.pfb></usr/local/texlive/2014/texmf-dist/font
s/type1/arphic/gbsnu/gbsnu6e.pfb></usr/local/texlive/2014/texmf-dist/fonts/type
1/arphic/gbsnu/gbsnu6f.pfb></usr/local/texlive/2014/texmf-dist/fonts/type1/arph
ic/gbsnu/gbsnu70.pfb></usr/local/texlive/2014/texmf-dist/fonts/type1/arphic/gbs
nu/gbsnu71.pfb></usr/local/texlive/2014/texmf-dist/fonts/type1/arphic/gbsnu/gbs
nu72.pfb></usr/local/texlive/2014/texmf-dist/fonts/type1/arphic/gbsnu/gbsnu73.p
fb></usr/local/texlive/2014/texmf-dist/fonts/type1/arphic/gbsnu/gbsnu74.pfb></u
sr/local/texlive/2014/texmf-dist/fonts/type1/arphic/gbsnu/gbsnu75.pfb></usr/loc
al/texlive/2014/texmf-dist/fonts/type1/arphic/gbsnu/gbsnu76.pfb></usr/local/tex
live/2014/texmf-dist/fonts/type1/arphic/gbsnu/gbsnu77.pfb></usr/local/texlive/2
014/texmf-dist/fonts/type1/arphic/gbsnu/gbsnu78.pfb></usr/local/texlive/2014/te
xmf-dist/fonts/type1/arphic/gbsnu/gbsnu79.pfb></usr/local/texlive/2014/texmf-di
st/fonts/type1/arphic/gbsnu/gbsnu7a.pfb></usr/local/texlive/2014/texmf-dist/fon
ts/type1/arphic/gbsnu/gbsnu7b.pfb></usr/local/texlive/2014/texmf-dist/fonts/typ
e1/arphic/gbsnu/gbsnu7c.pfb></usr/local/texlive/2014/texmf-dist/fonts/type1/arp
hic/gbsnu/gbsnu7d.pfb></usr/local/texlive/2014/texmf-dist/fonts/type1/arphic/gb
snu/gbsnu7e.pfb></usr/local/texlive/2014/texmf-dist/fonts/type1/arphic/gbsnu/gb
snu7f.pfb></usr/local/texlive/2014/texmf-dist/fonts/type1/arphic/gbsnu/gbsnu80.
pfb></usr/local/texlive/2014/texmf-dist/fonts/type1/arphic/gbsnu/gbsnu81.pfb></
usr/local/texlive/2014/texmf-dist/fonts/type1/arphic/gbsnu/gbsnu82.pfb></usr/lo
cal/texlive/2014/texmf-dist/fonts/type1/arphic/gbsnu/gbsnu83.pfb></usr/local/te
xlive/2014/texmf-dist/fonts/type1/arphic/gbsnu/gbsnu88.pfb></usr/local/texlive/
2014/texmf-dist/fonts/type1/arphic/gbsnu/gbsnu89.pfb></usr/local/texlive/2014/t
exmf-dist/fonts/type1/arphic/gbsnu/gbsnu8b.pfb></usr/local/texlive/2014/texmf-d
ist/fonts/type1/arphic/gbsnu/gbsnu8c.pfb></usr/local/texlive/2014/texmf-dist/fo
nts/type1/arphic/gbsnu/gbsnu8d.pfb></usr/local/texlive/2014/texmf-dist/fonts/ty
pe1/arphic/gbsnu/gbsnu8f.pfb></usr/local/texlive/2014/texmf-dist/fonts/type1/ar
phic/gbsnu/gbsnu90.pfb></usr/local/texlive/2014/texmf-dist/fonts/type1/arphic/g
bsnu/gbsnu91.pfb></usr/local/texlive/2014/texmf-dist/fonts/type1/arphic/gbsnu/g
bsnu94.pfb></usr/local/texlive/2014/texmf-dist/fonts/type1/arphic/gbsnu/gbsnu95
.pfb></usr/local/texlive/2014/texmf-dist/fonts/type1/arphic/gbsnu/gbsnu96.pfb><
/usr/local/texlive/2014/texmf-dist/fonts/type1/arphic/gbsnu/gbsnu97.pfb></usr/l
ocal/texlive/2014/texmf-dist/fonts/type1/arphic/gbsnu/gbsnu98.pfb></usr/local/t
exlive/2014/texmf-dist/fonts/type1/arphic/gbsnu/gbsnu99.pfb></usr/local/texlive
/2014/texmf-dist/fonts/type1/arphic/gbsnu/gbsnu9a.pfb></usr/local/texlive/2014/
texmf-dist/fonts/type1/arphic/gbsnu/gbsnuff.pfb>
Output written on manual.pdf (14 pages, 520150 bytes).
PDF statistics:
 367 PDF objects out of 1000 (max. 8388607)
 268 compressed objects within 3 object streams
 0 named destinations out of 1000 (max. 500000)
 11 words of extra memory for PDF output out of 10000 (max. 10000000)

